<?xml version="1.0" encoding="UTF-8"?>
<!-- Generated by org.testng.reporters.JUnitReportReporter -->
<testsuite skipped="0" hostname="WIN-832DGPR2RLO" name="press3AutomationTest.ScriptsTest" tests="2" failures="0" timestamp="28 Jun 2019 10:02:42 GMT" time="73.220" errors="0">
  <testcase name="createScripts" time="41.250" classname="press3AutomationTest.ScriptsTest"/>
  <testcase name="createScripts" time="31.970" classname="press3AutomationTest.ScriptsTest"/>
</testsuite> <!-- press3AutomationTest.ScriptsTest -->
