<?xml version="1.0" encoding="UTF-8"?>
<!-- Generated by org.testng.reporters.JUnitReportReporter -->
<testsuite skipped="0" hostname="WIN-832DGPR2RLO" name="press3WebsiteAutomation.Helper" tests="1" failures="0" timestamp="17 Jun 2019 13:52:12 GMT" time="14.297" errors="0">
  <testcase name="start" time="14.297" classname="press3WebsiteAutomation.Helper"/>
</testsuite> <!-- press3WebsiteAutomation.Helper -->
