<?xml version="1.0" encoding="UTF-8"?>
<!-- Generated by org.testng.reporters.JUnitReportReporter -->
<testsuite skipped="0" hostname="WIN-832DGPR2RLO" name="press3WebsiteAutomation.NewTest" tests="2" failures="0" timestamp="17 Jun 2019 14:20:01 GMT" time="24.322" errors="0">
  <testcase name="start" time="10.307" classname="press3WebsiteAutomation.NewTest"/>
  <testcase name="ftest" time="14.015" classname="press3WebsiteAutomation.NewTest"/>
</testsuite> <!-- press3WebsiteAutomation.NewTest -->
